  AI.cpp
C:\Users\Thinkpad\source\repos\NEU-IOT1701-Software-Engineering-Team\miniTown\miniTown\Engine.h(59,1): warning C4312: “类型强制转换”: 从“int”转换到更大的“HANDLE”
C:\Users\Thinkpad\source\repos\NEU-IOT1701-Software-Engineering-Team\miniTown\miniTown\Engine.h(201,37): warning C4244: “=”: 从“double”转换到“float”，可能丢失数据
C:\Users\Thinkpad\source\repos\NEU-IOT1701-Software-Engineering-Team\miniTown\miniTown\Engine.h(215,59): warning C4244: “=”: 从“double”转换到“float”，可能丢失数据
C:\Users\Thinkpad\source\repos\NEU-IOT1701-Software-Engineering-Team\miniTown\miniTown\Engine.h(244,13): warning C4244: “=”: 从“float”转换到“int”，可能丢失数据
C:\Users\Thinkpad\source\repos\NEU-IOT1701-Software-Engineering-Team\miniTown\miniTown\Engine.h(245,13): warning C4244: “=”: 从“float”转换到“int”，可能丢失数据
C:\Users\Thinkpad\source\repos\NEU-IOT1701-Software-Engineering-Team\miniTown\miniTown\Engine.h(248,7): warning C4244: “=”: 从“int”转换到“float”，可能丢失数据
C:\Users\Thinkpad\source\repos\NEU-IOT1701-Software-Engineering-Team\miniTown\miniTown\Engine.h(250,7): warning C4244: “=”: 从“int”转换到“float”，可能丢失数据
C:\Users\Thinkpad\source\repos\NEU-IOT1701-Software-Engineering-Team\miniTown\miniTown\AI.cpp(182,18): warning C4244: “初始化”: 从“float”转换到“int”，可能丢失数据
C:\Users\Thinkpad\source\repos\NEU-IOT1701-Software-Engineering-Team\miniTown\miniTown\AI.cpp(200,20): warning C4244: “初始化”: 从“float”转换到“int”，可能丢失数据
C:\Users\Thinkpad\source\repos\NEU-IOT1701-Software-Engineering-Team\miniTown\miniTown\AI.cpp(283,49): warning C4244: “=”: 从“const int”转换到“float”，可能丢失数据
C:\Users\Thinkpad\source\repos\NEU-IOT1701-Software-Engineering-Team\miniTown\miniTown\AI.cpp(700,58): warning C4244: “+=”: 从“double”转换到“float”，可能丢失数据
C:\Users\Thinkpad\source\repos\NEU-IOT1701-Software-Engineering-Team\miniTown\miniTown\AI.cpp(701,58): warning C4244: “+=”: 从“double”转换到“float”，可能丢失数据
C:\Users\Thinkpad\source\repos\NEU-IOT1701-Software-Engineering-Team\miniTown\miniTown\AI.cpp(706,58): warning C4244: “+=”: 从“double”转换到“float”，可能丢失数据
C:\Users\Thinkpad\source\repos\NEU-IOT1701-Software-Engineering-Team\miniTown\miniTown\AI.cpp(707,58): warning C4244: “-=”: 从“double”转换到“float”，可能丢失数据
C:\Users\Thinkpad\source\repos\NEU-IOT1701-Software-Engineering-Team\miniTown\miniTown\AI.cpp(721,63): warning C4244: “-=”: 从“double”转换到“float”，可能丢失数据
C:\Users\Thinkpad\source\repos\NEU-IOT1701-Software-Engineering-Team\miniTown\miniTown\AI.cpp(722,62): warning C4244: “+=”: 从“double”转换到“float”，可能丢失数据
C:\Users\Thinkpad\source\repos\NEU-IOT1701-Software-Engineering-Team\miniTown\miniTown\AI.cpp(727,62): warning C4244: “-=”: 从“double”转换到“float”，可能丢失数据
C:\Users\Thinkpad\source\repos\NEU-IOT1701-Software-Engineering-Team\miniTown\miniTown\AI.cpp(728,62): warning C4244: “-=”: 从“double”转换到“float”，可能丢失数据
C:\Users\Thinkpad\source\repos\NEU-IOT1701-Software-Engineering-Team\miniTown\miniTown\AI.cpp(1267,16): warning C4244: “=”: 从“int”转换到“float”，可能丢失数据
  Debug.cpp
  Engine.cpp
C:\Users\Thinkpad\source\repos\NEU-IOT1701-Software-Engineering-Team\miniTown\miniTown\AI.cpp(1268,16): warning C4244: “=”: 从“int”转换到“float”，可能丢失数据
C:\Users\Thinkpad\source\repos\NEU-IOT1701-Software-Engineering-Team\miniTown\miniTown\Engine.h(59,1): warning C4312: “类型强制转换”: 从“int”转换到更大的“HANDLE”
C:\Users\Thinkpad\source\repos\NEU-IOT1701-Software-Engineering-Team\miniTown\miniTown\Engine.h(201,37): warning C4244: “=”: 从“double”转换到“float”，可能丢失数据
C:\Users\Thinkpad\source\repos\NEU-IOT1701-Software-Engineering-Team\miniTown\miniTown\Engine.h(215,59): warning C4244: “=”: 从“double”转换到“float”，可能丢失数据
C:\Users\Thinkpad\source\repos\NEU-IOT1701-Software-Engineering-Team\miniTown\miniTown\Engine.h(244,13): warning C4244: “=”: 从“float”转换到“int”，可能丢失数据
C:\Users\Thinkpad\source\repos\NEU-IOT1701-Software-Engineering-Team\miniTown\miniTown\Engine.h(245,13): warning C4244: “=”: 从“float”转换到“int”，可能丢失数据
C:\Users\Thinkpad\source\repos\NEU-IOT1701-Software-Engineering-Team\miniTown\miniTown\Engine.h(248,7): warning C4244: “=”: 从“int”转换到“float”，可能丢失数据
C:\Users\Thinkpad\source\repos\NEU-IOT1701-Software-Engineering-Team\miniTown\miniTown\Engine.h(250,7): warning C4244: “=”: 从“int”转换到“float”，可能丢失数据
C:\Users\Thinkpad\source\repos\NEU-IOT1701-Software-Engineering-Team\miniTown\miniTown\Engine.cpp(44,29): warning C4311: “类型强制转换”: 从“HANDLE”到“int”的指针截断
C:\Users\Thinkpad\source\repos\NEU-IOT1701-Software-Engineering-Team\miniTown\miniTown\Engine.cpp(44,29): warning C4302: “类型强制转换”: 从“HANDLE”到“int”截断
C:\Users\Thinkpad\source\repos\NEU-IOT1701-Software-Engineering-Team\miniTown\miniTown\Engine.cpp(62,29): warning C4311: “类型强制转换”: 从“HANDLE”到“int”的指针截断
C:\Users\Thinkpad\source\repos\NEU-IOT1701-Software-Engineering-Team\miniTown\miniTown\Engine.cpp(62,29): warning C4302: “类型强制转换”: 从“HANDLE”到“int”截断
C:\Users\Thinkpad\source\repos\NEU-IOT1701-Software-Engineering-Team\miniTown\miniTown\Engine.cpp(80,29): warning C4311: “类型强制转换”: 从“HANDLE”到“int”的指针截断
C:\Users\Thinkpad\source\repos\NEU-IOT1701-Software-Engineering-Team\miniTown\miniTown\Engine.cpp(80,29): warning C4302: “类型强制转换”: 从“HANDLE”到“int”截断
C:\Users\Thinkpad\source\repos\NEU-IOT1701-Software-Engineering-Team\miniTown\miniTown\Engine.cpp(98,29): warning C4311: “类型强制转换”: 从“HANDLE”到“int”的指针截断
C:\Users\Thinkpad\source\repos\NEU-IOT1701-Software-Engineering-Team\miniTown\miniTown\Engine.cpp(98,29): warning C4302: “类型强制转换”: 从“HANDLE”到“int”截断
C:\Users\Thinkpad\source\repos\NEU-IOT1701-Software-Engineering-Team\miniTown\miniTown\Engine.cpp(181,32): warning C4311: “类型强制转换”: 从“HANDLE”到“int”的指针截断
C:\Users\Thinkpad\source\repos\NEU-IOT1701-Software-Engineering-Team\miniTown\miniTown\Engine.cpp(181,32): warning C4302: “类型强制转换”: 从“HANDLE”到“int”截断
C:\Users\Thinkpad\source\repos\NEU-IOT1701-Software-Engineering-Team\miniTown\miniTown\Engine.cpp(223,37): warning C4244: “=”: 从“DWORD_PTR”转换到“DWORD”，可能丢失数据
C:\Users\Thinkpad\source\repos\NEU-IOT1701-Software-Engineering-Team\miniTown\miniTown\Engine.cpp(235,42): warning C4018: “<”: 有符号/无符号不匹配
C:\Users\Thinkpad\source\repos\NEU-IOT1701-Software-Engineering-Team\miniTown\miniTown\Engine.cpp(281,38): warning C4244: “=”: 从“DWORD_PTR”转换到“DWORD”，可能丢失数据
C:\Users\Thinkpad\source\repos\NEU-IOT1701-Software-Engineering-Team\miniTown\miniTown\Engine.cpp(291,43): warning C4018: “<”: 有符号/无符号不匹配
C:\Users\Thinkpad\source\repos\NEU-IOT1701-Software-Engineering-Team\miniTown\miniTown\Engine.cpp(505,65): warning C4244: “=”: 从“float”转换到“int”，可能丢失数据
C:\Users\Thinkpad\source\repos\NEU-IOT1701-Software-Engineering-Team\miniTown\miniTown\Engine.cpp(508,66): warning C4244: “=”: 从“float”转换到“int”，可能丢失数据
  main.cpp
C:\Users\Thinkpad\source\repos\NEU-IOT1701-Software-Engineering-Team\miniTown\miniTown\Engine.cpp(708,20): warning C4838: 从“int”转换到“DWORD”需要收缩转换
C:\Users\Thinkpad\source\repos\NEU-IOT1701-Software-Engineering-Team\miniTown\miniTown\Engine.h(59,1): warning C4312: “类型强制转换”: 从“int”转换到更大的“HANDLE”
C:\Users\Thinkpad\source\repos\NEU-IOT1701-Software-Engineering-Team\miniTown\miniTown\Engine.h(201,37): warning C4244: “=”: 从“double”转换到“float”，可能丢失数据
C:\Users\Thinkpad\source\repos\NEU-IOT1701-Software-Engineering-Team\miniTown\miniTown\Engine.h(215,59): warning C4244: “=”: 从“double”转换到“float”，可能丢失数据
C:\Users\Thinkpad\source\repos\NEU-IOT1701-Software-Engineering-Team\miniTown\miniTown\Engine.h(244,13): warning C4244: “=”: 从“float”转换到“int”，可能丢失数据
C:\Users\Thinkpad\source\repos\NEU-IOT1701-Software-Engineering-Team\miniTown\miniTown\Engine.h(245,13): warning C4244: “=”: 从“float”转换到“int”，可能丢失数据
C:\Users\Thinkpad\source\repos\NEU-IOT1701-Software-Engineering-Team\miniTown\miniTown\Engine.h(248,7): warning C4244: “=”: 从“int”转换到“float”，可能丢失数据
C:\Users\Thinkpad\source\repos\NEU-IOT1701-Software-Engineering-Team\miniTown\miniTown\Engine.h(250,7): warning C4244: “=”: 从“int”转换到“float”，可能丢失数据
C:\Users\Thinkpad\source\repos\NEU-IOT1701-Software-Engineering-Team\miniTown\miniTown\main.cpp(101,12): warning C4244: “参数”: 从“time_t”转换到“unsigned int”，可能丢失数据
C:\Users\Thinkpad\source\repos\NEU-IOT1701-Software-Engineering-Team\miniTown\miniTown\main.cpp(136,14): warning C4244: “=”: 从“int”转换到“float”，可能丢失数据
  gameplay.cpp
C:\Users\Thinkpad\source\repos\NEU-IOT1701-Software-Engineering-Team\miniTown\miniTown\main.cpp(188,53): warning C4244: “=”: 从“double”转换到“float”，可能丢失数据
C:\Users\Thinkpad\source\repos\NEU-IOT1701-Software-Engineering-Team\miniTown\miniTown\Engine.h(59,1): warning C4312: “类型强制转换”: 从“int”转换到更大的“HANDLE”
C:\Users\Thinkpad\source\repos\NEU-IOT1701-Software-Engineering-Team\miniTown\miniTown\Engine.h(201,37): warning C4244: “=”: 从“double”转换到“float”，可能丢失数据
C:\Users\Thinkpad\source\repos\NEU-IOT1701-Software-Engineering-Team\miniTown\miniTown\Engine.h(215,59): warning C4244: “=”: 从“double”转换到“float”，可能丢失数据
C:\Users\Thinkpad\source\repos\NEU-IOT1701-Software-Engineering-Team\miniTown\miniTown\Engine.h(244,13): warning C4244: “=”: 从“float”转换到“int”，可能丢失数据
C:\Users\Thinkpad\source\repos\NEU-IOT1701-Software-Engineering-Team\miniTown\miniTown\Engine.h(245,13): warning C4244: “=”: 从“float”转换到“int”，可能丢失数据
C:\Users\Thinkpad\source\repos\NEU-IOT1701-Software-Engineering-Team\miniTown\miniTown\Engine.h(248,7): warning C4244: “=”: 从“int”转换到“float”，可能丢失数据
C:\Users\Thinkpad\source\repos\NEU-IOT1701-Software-Engineering-Team\miniTown\miniTown\Engine.h(250,7): warning C4244: “=”: 从“int”转换到“float”，可能丢失数据
C:\Users\Thinkpad\source\repos\NEU-IOT1701-Software-Engineering-Team\miniTown\miniTown\gameplay.cpp(99,21): warning C4244: “初始化”: 从“float”转换到“int”，可能丢失数据
C:\Users\Thinkpad\source\repos\NEU-IOT1701-Software-Engineering-Team\miniTown\miniTown\gameplay.cpp(102,20): warning C4244: “=”: 从“int”转换到“float”，可能丢失数据
C:\Users\Thinkpad\source\repos\NEU-IOT1701-Software-Engineering-Team\miniTown\miniTown\gameplay.cpp(124,20): warning C4244: “初始化”: 从“float”转换到“int”，可能丢失数据
C:\Users\Thinkpad\source\repos\NEU-IOT1701-Software-Engineering-Team\miniTown\miniTown\gameplay.cpp(127,19): warning C4244: “=”: 从“int”转换到“float”，可能丢失数据
C:\Users\Thinkpad\source\repos\NEU-IOT1701-Software-Engineering-Team\miniTown\miniTown\gameplay.cpp(145,39): warning C4244: “=”: 从“int”转换到“float”，可能丢失数据
C:\Users\Thinkpad\source\repos\NEU-IOT1701-Software-Engineering-Team\miniTown\miniTown\gameplay.cpp(146,39): warning C4244: “=”: 从“int”转换到“float”，可能丢失数据
C:\Users\Thinkpad\source\repos\NEU-IOT1701-Software-Engineering-Team\miniTown\miniTown\gameplay.cpp(156,51): warning C4244: “=”: 从“const int”转换到“float”，可能丢失数据
C:\Users\Thinkpad\source\repos\NEU-IOT1701-Software-Engineering-Team\miniTown\miniTown\gameplay.cpp(160,39): warning C4244: “=”: 从“int”转换到“float”，可能丢失数据
C:\Users\Thinkpad\source\repos\NEU-IOT1701-Software-Engineering-Team\miniTown\miniTown\gameplay.cpp(161,39): warning C4244: “=”: 从“int”转换到“float”，可能丢失数据
C:\Users\Thinkpad\source\repos\NEU-IOT1701-Software-Engineering-Team\miniTown\miniTown\gameplay.cpp(175,32): warning C4244: “=”: 从“int”转换到“float”，可能丢失数据
C:\Users\Thinkpad\source\repos\NEU-IOT1701-Software-Engineering-Team\miniTown\miniTown\gameplay.cpp(176,32): warning C4244: “=”: 从“int”转换到“float”，可能丢失数据
C:\Users\Thinkpad\source\repos\NEU-IOT1701-Software-Engineering-Team\miniTown\miniTown\gameplay.cpp(196,33): warning C4244: “=”: 从“int”转换到“float”，可能丢失数据
C:\Users\Thinkpad\source\repos\NEU-IOT1701-Software-Engineering-Team\miniTown\miniTown\gameplay.cpp(197,33): warning C4244: “=”: 从“int”转换到“float”，可能丢失数据
C:\Users\Thinkpad\source\repos\NEU-IOT1701-Software-Engineering-Team\miniTown\miniTown\gameplay.cpp(244,16): warning C4244: “=”: 从“int”转换到“float”，可能丢失数据
C:\Users\Thinkpad\source\repos\NEU-IOT1701-Software-Engineering-Team\miniTown\miniTown\gameplay.cpp(245,16): warning C4244: “=”: 从“int”转换到“float”，可能丢失数据
C:\Users\Thinkpad\source\repos\NEU-IOT1701-Software-Engineering-Team\miniTown\miniTown\gameplay.cpp(262,28): warning C4244: “=”: 从“int”转换到“float”，可能丢失数据
C:\Users\Thinkpad\source\repos\NEU-IOT1701-Software-Engineering-Team\miniTown\miniTown\gameplay.cpp(263,28): warning C4244: “=”: 从“int”转换到“float”，可能丢失数据
C:\Users\Thinkpad\source\repos\NEU-IOT1701-Software-Engineering-Team\miniTown\miniTown\gameplay.cpp(277,30): warning C4244: “=”: 从“int”转换到“float”，可能丢失数据
C:\Users\Thinkpad\source\repos\NEU-IOT1701-Software-Engineering-Team\miniTown\miniTown\gameplay.cpp(278,30): warning C4244: “=”: 从“int”转换到“float”，可能丢失数据
C:\Users\Thinkpad\source\repos\NEU-IOT1701-Software-Engineering-Team\miniTown\miniTown\gameplay.cpp(376,38): warning C4244: “=”: 从“double”转换到“float”，可能丢失数据
C:\Users\Thinkpad\source\repos\NEU-IOT1701-Software-Engineering-Team\miniTown\miniTown\gameplay.cpp(378,14): warning C4244: “=”: 从“int”转换到“float”，可能丢失数据
C:\Users\Thinkpad\source\repos\NEU-IOT1701-Software-Engineering-Team\miniTown\miniTown\gameplay.cpp(382,40): warning C4244: “=”: 从“double”转换到“float”，可能丢失数据
C:\Users\Thinkpad\source\repos\NEU-IOT1701-Software-Engineering-Team\miniTown\miniTown\gameplay.cpp(384,14): warning C4244: “=”: 从“int”转换到“float”，可能丢失数据
C:\Users\Thinkpad\source\repos\NEU-IOT1701-Software-Engineering-Team\miniTown\miniTown\gameplay.cpp(388,41): warning C4244: “=”: 从“double”转换到“float”，可能丢失数据
C:\Users\Thinkpad\source\repos\NEU-IOT1701-Software-Engineering-Team\miniTown\miniTown\gameplay.cpp(390,15): warning C4244: “=”: 从“int”转换到“float”，可能丢失数据
  正在生成代码
  Previous IPDB not found, fall back to full compilation.
C:\Users\Thinkpad\source\repos\NEU-IOT1701-Software-Engineering-Team\miniTown\miniTown\AI.cpp(632): warning C4715: “Builder::BuyRice”: 不是所有的控件路径都返回值
C:\Users\Thinkpad\source\repos\NEU-IOT1701-Software-Engineering-Team\miniTown\miniTown\AI.cpp(1096): warning C4715: “Farmer::BuyRice”: 不是所有的控件路径都返回值
  All 301 functions were compiled because no usable IPDB/IOBJ from previous compilation was found.
  已完成代码的生成
  miniTown.vcxproj -> C:\Users\Thinkpad\source\repos\NEU-IOT1701-Software-Engineering-Team\miniTown\x64\Release\miniTown.exe
